Inicio: [0;31m0.0 ms
[0m[0;31m:::::::::::::::::::::::::::::::::::: Nuvem carregada atraves de arquivos pre-existentes
[0m[0;31m:::::::::::::::::::::::::::::::::::: ../../input/360dim_9_vizinhos_p0_nos.txt
[0m[0;31m:::::::::::::::::::::::::::::::::::: ../../input/360dim_9_vizinhos_p0_indices.txt
[0m[0;31m:::::::::::::::::::::::::::::::::::: ../../input/360dim_9_vizinhos_p0_raios.txt
[0m[0;31m:::::::::::::::::::::::::::::::::::: 
[0mTempo de geracao de nuvem (GERADOR PERFEITO): [0;31m734.0 ms
[0m   DIM conf.:	     360
   Pontos...:	  130321
   Vizinhos.:	       9
   Nao zeros:	 1172889
Tempo de alocacao das estruturas de entrada: [0;31m1.9 ms
[0m[0;31m:::::::::::::::::::::::::::::::::::: MLPG MLS GPU
[0m   kernel MLPG blocks.:	      23
   kernel MLPG threads:	      16
Tempo de computacao do kernel MLPG: [0;31m47.7 ms
[0mTempo de gravacao da matriz em vetor em arquivo: [0;31m2239.5 ms
[0m[0;31m:::::::::::::::::::::::::::::::::::: Versao de solver paralela (GPU)
[0m[0;31m:::::::::::::::::::::::::::::::::::: BICGSTAB_IMPROVED
[0m[0;31m
Tempo por iteracao:[0m1.99261

Tempo de computacao do BiCGstab: [0;31m15063.5 ms
[0mSTATUS: sucesso na convergencia em 7370 iteracoes

Resultado gravado no arquivo: ../../results/360dim_9_vizinhos_p0_MLS_RESULTADO.txt
