Inicio: [0;31m0.0 ms
[0m[0;31m:::::::::::::::::::::::::::::::::::: Nuvem carregada atraves de arquivos pre-existentes
[0m[0;31m:::::::::::::::::::::::::::::::::::: ../../input/140dim_9_vizinhos_p0_nos.txt
[0m[0;31m:::::::::::::::::::::::::::::::::::: ../../input/140dim_9_vizinhos_p0_indices.txt
[0m[0;31m:::::::::::::::::::::::::::::::::::: ../../input/140dim_9_vizinhos_p0_raios.txt
[0m[0;31m:::::::::::::::::::::::::::::::::::: 
[0mTempo de geracao de nuvem (GERADOR PERFEITO): [0;31m111.0 ms
[0m   DIM conf.:	     140
   Pontos...:	   19881
   Vizinhos.:	       9
   Nao zeros:	  178929
Tempo de alocacao das estruturas de entrada: [0;31m0.4 ms
[0m[0;31m:::::::::::::::::::::::::::::::::::: MLPG MLS GPU
[0m   kernel MLPG blocks.:	       9
   kernel MLPG threads:	      16
Tempo de computacao do kernel MLPG: [0;31m6.5 ms
[0mTempo de gravacao da matriz em vetor em arquivo: [0;31m331.3 ms
[0m[0;31m:::::::::::::::::::::::::::::::::::: Versao de solver paralela (GPU)
[0m[0;31m:::::::::::::::::::::::::::::::::::: BICG_CLASSIC
[0m[0;31m
Tempo por iteracao:[0m0.327429

Tempo de computacao do BiCGstab: [0;31m544.8 ms
[0mSTATUS: sucesso na convergencia em 504 iteracoes

Resultado gravado no arquivo: ../../results/140dim_9_vizinhos_p0_MLS_RESULTADO.txt
