Inicio: [0;31m0.0 ms
[0m[0;31m:::::::::::::::::::::::::::::::::::: Nuvem carregada atraves de arquivos pre-existentes
[0m[0;31m:::::::::::::::::::::::::::::::::::: ../../input/280dim_9_vizinhos_p0_nos.txt
[0m[0;31m:::::::::::::::::::::::::::::::::::: ../../input/280dim_9_vizinhos_p0_indices.txt
[0m[0;31m:::::::::::::::::::::::::::::::::::: ../../input/280dim_9_vizinhos_p0_raios.txt
[0m[0;31m:::::::::::::::::::::::::::::::::::: 
[0mTempo de geracao de nuvem (GERADOR PERFEITO): [0;31m440.0 ms
[0m   DIM conf.:	     280
   Pontos...:	   78961
   Vizinhos.:	       9
   Nao zeros:	  710649
Tempo de alocacao das estruturas de entrada: [0;31m1.3 ms
[0m[0;31m:::::::::::::::::::::::::::::::::::: MLPG MLS GPU
[0m   kernel MLPG blocks.:	      18
   kernel MLPG threads:	      16
Tempo de computacao do kernel MLPG: [0;31m25.6 ms
[0mTempo de gravacao da matriz em vetor em arquivo: [0;31m1434.5 ms
[0m[0;31m:::::::::::::::::::::::::::::::::::: Versao de solver paralela (GPU)
[0m[0;31m:::::::::::::::::::::::::::::::::::: CG_QUADRATICO
[0m[0;31m
Tempo por iteracao:[0m1.16219

Tempo de computacao do BiCGstab: [0;31m12003.6 ms
[0mSTATUS: convergencia falhou. Nenhum arquivo foi gravado
