Inicio: [0;31m0.0 ms
[0m[0;31m:::::::::::::::::::::::::::::::::::: Nuvem carregada atraves de arquivos pre-existentes
[0m[0;31m:::::::::::::::::::::::::::::::::::: ../../input/40dim_9_vizinhos_p0_nos.txt
[0m[0;31m:::::::::::::::::::::::::::::::::::: ../../input/40dim_9_vizinhos_p0_indices.txt
[0m[0;31m:::::::::::::::::::::::::::::::::::: ../../input/40dim_9_vizinhos_p0_raios.txt
[0m[0;31m:::::::::::::::::::::::::::::::::::: 
[0mTempo de geracao de nuvem (GERADOR PERFEITO): [0;31m9.0 ms
[0m   DIM conf.:	      40
   Pontos...:	    1681
   Vizinhos.:	       9
   Nao zeros:	   15129
Tempo de alocacao das estruturas de entrada: [0;31m0.1 ms
[0m[0;31m:::::::::::::::::::::::::::::::::::: MLPG MLS GPU
[0m   kernel MLPG blocks.:	       3
   kernel MLPG threads:	      16
Tempo de computacao do kernel MLPG: [0;31m1.2 ms
[0mTempo de gravacao da matriz em vetor em arquivo: [0;31m28.8 ms
[0m[0;31m:::::::::::::::::::::::::::::::::::: Versao de solver paralela (GPU)
[0m[0;31m:::::::::::::::::::::::::::::::::::: BICG_CLASSIC
[0m[0;31m
Tempo por iteracao:[0m0.168788

Tempo de computacao do BiCGstab: [0;31m403.8 ms
[0mSTATUS: sucesso na convergencia em 170 iteracoes

Resultado gravado no arquivo: ../../results/40dim_9_vizinhos_p0_MLS_RESULTADO.txt
