Inicio: [0;31m0.0 ms
[0m[0;31m:::::::::::::::::::::::::::::::::::: Nuvem carregada atraves de arquivos pre-existentes
[0m[0;31m:::::::::::::::::::::::::::::::::::: ../../input/120dim_9_vizinhos_p0_nos.txt
[0m[0;31m:::::::::::::::::::::::::::::::::::: ../../input/120dim_9_vizinhos_p0_indices.txt
[0m[0;31m:::::::::::::::::::::::::::::::::::: ../../input/120dim_9_vizinhos_p0_raios.txt
[0m[0;31m:::::::::::::::::::::::::::::::::::: 
[0mTempo de geracao de nuvem (GERADOR PERFEITO): [0;31m80.0 ms
[0m   DIM conf.:	     120
   Pontos...:	   14641
   Vizinhos.:	       9
   Nao zeros:	  131769
Tempo de alocacao das estruturas de entrada: [0;31m0.3 ms
[0m[0;31m:::::::::::::::::::::::::::::::::::: MLPG MLS GPU
[0m   kernel MLPG blocks.:	       8
   kernel MLPG threads:	      16
Tempo de computacao do kernel MLPG: [0;31m5.3 ms
[0mTempo de gravacao da matriz em vetor em arquivo: [0;31m254.4 ms
[0m[0;31m:::::::::::::::::::::::::::::::::::: Versao de solver paralela (GPU)
[0m[0;31m:::::::::::::::::::::::::::::::::::: BICG_CLASSIC
[0m[0;31m
Tempo por iteracao:[0m0.291326

Tempo de computacao do BiCGstab: [0;31m508.1 ms
[0mSTATUS: sucesso na convergencia em 452 iteracoes

Resultado gravado no arquivo: ../../results/120dim_9_vizinhos_p0_MLS_RESULTADO.txt
